C51 COMPILER V9.60.7.0   BLINK_LED                                                         05/28/2024 11:58:23 PAGE 1   


C51 COMPILER V9.60.7.0, COMPILATION OF MODULE BLINK_LED
OBJECT MODULE PLACED IN .\Objects\blink_LED.obj
COMPILER INVOKED BY: C:\Keil_v5\C51\BIN\C51.exe blink_LED.c OPTIMIZE(8,SPEED) BROWSE DEBUG OBJECTEXTEND PRINT(.\Listings
                    -\blink_LED.lst) TABS(2) OBJECT(.\Objects\blink_LED.obj)

line level    source

   1          #include <reg51.h>
   2          sbit sw1 = P2^1;
   3          sbit sw2 = P2^2;
   4          
   5          void delay(unsigned int);
   6          void main (void)
   7            {
   8   1      
   9   1            sw1 = 0;
  10   1            sw2 = 0;
  11   1      
  12   1          
  13   1          while(1)
  14   1            {
  15   2                if (sw1 == 0 && sw2 == 0 )
  16   2                  {
  17   3                      P1 = 0x00;
  18   3                  
  19   3                    }
  20   2                else if (sw1 == 1 && sw2 == 0)
  21   2                  {
  22   3                        P1 = 0xF0;
  23   3                    delay(500);
  24   3                        P1 = 0x00;
  25   3                    delay(500);
  26   3                    
  27   3                    }
  28   2                else if (sw1 == 0 && sw2 == 1)
  29   2                  { 
  30   3                  P1 = 0x0F;
  31   3                    delay(500);
  32   3                  P1 = 0x00;
  33   3                    delay(500);
  34   3                }   
  35   2                else if (sw1 == 1 && sw2 == 1)
  36   2                  {
  37   3                    
  38   3                      P1 = 0xFF;
  39   3                      delay(500);
  40   3                      P1 = 0x00;
  41   3                      delay(500);
  42   3                
  43   3                }
  44   2          }
  45   1      
  46   1      }
  47            
  48          void delay(unsigned int t)
  49          {
  50   1        unsigned int i, j;
  51   1        for (i = 0, i < t ; i++;)
  52   1        for (j = 0; j <1275 ; j++);
  53   1          
  54   1      }
C51 COMPILER V9.60.7.0   BLINK_LED                                                         05/28/2024 11:58:23 PAGE 2   



MODULE INFORMATION:   STATIC OVERLAYABLE
   CODE SIZE        =    105    ----
   CONSTANT SIZE    =   ----    ----
   XDATA SIZE       =   ----    ----
   PDATA SIZE       =   ----    ----
   DATA SIZE        =   ----       2
   IDATA SIZE       =   ----    ----
   BIT SIZE         =   ----    ----
END OF MODULE INFORMATION.


C51 COMPILATION COMPLETE.  0 WARNING(S),  0 ERROR(S)
