C51 COMPILER V9.60.7.0   BLINK_LED                                                         05/28/2024 09:45:03 PAGE 1   


C51 COMPILER V9.60.7.0, COMPILATION OF MODULE BLINK_LED
OBJECT MODULE PLACED IN .\Objects\blink_LED.obj
COMPILER INVOKED BY: C:\Keil_v5\C51\BIN\C51.exe blink_LED.c OPTIMIZE(8,SPEED) BROWSE DEBUG OBJECTEXTEND PRINT(.\Listings
                    -\blink_LED.lst) TABS(2) OBJECT(.\Objects\blink_LED.obj)

line level    source

   1          #include <reg51.h>
   2          sbit sw1 = P2^1;
   3          sbit sw2 = P2^2;
   4          
   5          void delay(unsigned int);
   6          void main (void)
   7            {
   8   1      
   9   1            sw1 = 0;
  10   1            sw2 = 0;
  11   1          
  12   1          while(1)
  13   1            {
  14   2                if (sw1 == 0 && sw2 == 0 )
  15   2                  {
  16   3                      P1 = 0x00;
  17   3                  
  18   3                    }
  19   2                else if (sw2 == 1 && sw1 == 0)
  20   2                  {
  21   3                        P1 = 0xF0;
  22   3                    delay(500);
  23   3                        P1 = 0x00;
  24   3                    
  25   3                    }
  26   2                else if (sw1 == 1 && sw2 == 0)
  27   2                  { 
  28   3                  P1 = 0x0F;
  29   3                    delay(500);
  30   3                  P1 = 0x00;
  31   3                }   
  32   2                else if (sw1 == 1 && sw2 == 1)
  33   2                  {
  34   3                    
  35   3                      P1 = 0xFF;
  36   3                      delay(500);
  37   3                      P1 = 0x00;
  38   3                      delay(500);
  39   3                
  40   3                }
  41   2          }
  42   1      
  43   1      }
  44            
  45          void delay(unsigned int t)
  46          {
  47   1        unsigned int i, j;
  48   1        for (i = 0, i < t ; i++;)
  49   1        for (j = 0; j <1275 ; j++);
  50   1          
  51   1      }


MODULE INFORMATION:   STATIC OVERLAYABLE
C51 COMPILER V9.60.7.0   BLINK_LED                                                         05/28/2024 09:45:03 PAGE 2   

   CODE SIZE        =    105    ----
   CONSTANT SIZE    =   ----    ----
   XDATA SIZE       =   ----    ----
   PDATA SIZE       =   ----    ----
   DATA SIZE        =   ----       2
   IDATA SIZE       =   ----    ----
   BIT SIZE         =   ----    ----
END OF MODULE INFORMATION.


C51 COMPILATION COMPLETE.  0 WARNING(S),  0 ERROR(S)
