C51 COMPILER V9.60.7.0   LCD                                                               06/09/2024 23:52:50 PAGE 1   


C51 COMPILER V9.60.7.0, COMPILATION OF MODULE LCD
OBJECT MODULE PLACED IN .\Objects\lcd.obj
COMPILER INVOKED BY: C:\Keil_v5\C51\BIN\C51.exe lcd.c OPTIMIZE(8,SPEED) BROWSE DEBUG OBJECTEXTEND PRINT(.\Listings\lcd.l
                    -st) TABS(2) OBJECT(.\Objects\lcd.obj)

line level    source

   1          # include<reg51.h>
   2          
   3          #include<stdio.h>
   4          
   5          
   6          #define lcdport P1  //lcd connection
   7          
   8          //LED connections assignment
   9          sbit L1 = P0^3;
  10          sbit L2 = P2^6;
  11          sbit L3 = P2^7;
  12          
  13          // LCD connection
  14          sbit rs=P2^0;
  15          sbit en=P2^1;
  16          
  17          //ADC connections
  18           sbit SC = P2^2;
  19           sbit ALE = P2^3;
  20           sbit OE = P2^4;
  21           sbit EOC = P2^5; 
  22           
  23          //Declaring the input selection pin
  24           sbit ADDR_A = P1^0;
  25           sbit ADDR_B = P1^1;
  26           sbit ADDR_C = P1^2;
  27          
  28          unsigned int result[6];
  29          unsigned char number = 0;
  30          int thous,hundreds,tens,ones;
  31          unsigned int MyData = 20;
  32          
  33          void delay(unsigned int t)////Function for setting 1ms delay
  34          {
  35   1        unsigned int i,j;
  36   1        for(i=0;i<t;i++)
  37   1        for(j=0;j<1275;j++);
  38   1      }
  39          
  40          
  41          void daten()
  42          
  43          {
  44   1      
  45   1          rs=1;
  46   1      
  47   1          //rw=0;
  48   1      
  49   1          en=1;
  50   1      
  51   1          delay(1);
  52   1      
  53   1          en=0;
  54   1      
C51 COMPILER V9.60.7.0   LCD                                                               06/09/2024 23:52:50 PAGE 2   

  55   1      }
  56          
  57          
  58          void lcd_data(unsigned char ch)
  59          
  60          {
  61   1      
  62   1          lcdport=ch & 0xF0;
  63   1      
  64   1          daten();
  65   1      
  66   1          lcdport=ch<<4 & 0xF0;
  67   1      
  68   1          daten();
  69   1      
  70   1      }
  71          
  72          
  73          
  74          void cmden(void)
  75          
  76          {
  77   1      
  78   1          rs=0;
  79   1      
  80   1          en=1;
  81   1      
  82   1          delay(1);
  83   1      
  84   1          en=0;
  85   1      
  86   1      }
  87          
  88          
  89          void lcdcmd(unsigned char ch)
  90          
  91          {
  92   1      
  93   1      
  94   1          lcdport=ch & 0xf0;
  95   1      
  96   1          cmden();
  97   1      
  98   1          lcdport=ch<<4 & 0xF0;
  99   1      
 100   1          cmden();
 101   1      
 102   1      }
 103          
 104          
 105          
 106          lcdprint(unsigned char *str)  //Function to send string data to LCD.
 107          
 108          {
 109   1      
 110   1          while(*str)
 111   1      
 112   1          {
 113   2      
 114   2              lcd_data(*str);
 115   2      
 116   2              str++;
C51 COMPILER V9.60.7.0   LCD                                                               06/09/2024 23:52:50 PAGE 3   

 117   2      
 118   2          }
 119   1      
 120   1      }
 121          
 122          
 123          void lcd_ini()  //Function to inisialize the LCD
 124          
 125          {
 126   1      
 127   1          lcdcmd(0x02);
 128   1      
 129   1          lcdcmd(0x28);
 130   1      
 131   1          lcdcmd(0x0e);
 132   1      
 133   1          lcdcmd(0x01);
 134   1      
 135   1      }
 136          
 137          
 138          void show()
 139          
 140          { 
 141   1      
 142   1         sprintf(result,"%d",number);
*** WARNING C182 IN LINE 142 OF lcd.c: pointer to different objects
 143   1      
 144   1         lcdprint(result);
*** WARNING C182 IN LINE 144 OF lcd.c: pointer to different objects
 145   1      
 146   1         lcdprint("  ");
 147   1      
 148   1      }
 149          
 150          
 151          
 152          
 153          void main()
 154          
 155          {
 156   1      //P2 = 0x00;
 157   1       int i=0;
 158   1        unsigned char ADC_Value = 0;
 159   1        P3 = 0xFF; 
 160   1        EOC = 1;
 161   1        ALE = 0;
 162   1        OE = 0;
 163   1        SC = 0;
 164   1        
 165   1      
 166   1      lcd_ini();
 167   1      
 168   1      lcdprint(" ADC 0808/0809  ");
 169   1      
 170   1      lcdcmd(192);
 171   1      
 172   1      lcdprint("  Interfacing   ");
 173   1      
 174   1      
 175   1      
 176   1      
C51 COMPILER V9.60.7.0   LCD                                                               06/09/2024 23:52:50 PAGE 4   

 177   1      while(1)
 178   1      
 179   1      {
 180   2            //delay(200);
 181   2        //P3 = 0xFF;
 182   2        ADDR_C = 0;
 183   2        ADDR_B = 0; 
 184   2        ADDR_A = 0; 
 185   2        delay(10); 
 186   2        ALE = 1; 
 187   2        delay(10); 
 188   2        SC = 1; 
 189   2        delay(10);
 190   2        ALE = 0;
 191   2        SC = 0;
 192   2        while(EOC==1); 
 193   2        while(EOC==0); 
 194   2        OE=1;
 195   2        delay(10);
 196   2        number = P3; 
 197   2        //P0 = number;
 198   2        
 199   2        delay(10);
 200   2        OE = 0 ;
 201   2        
 202   2        delay(200);
 203   2            lcdcmd(0x01); //Clear display screen
 204   2            lcdcmd(0x80); //Force cursor to the beginning ( 1st line)
 205   2            
 206   2            
 207   2            
 208   2            
 209   2            sprintf(result,"%d",number);
*** WARNING C182 IN LINE 209 OF lcd.c: pointer to different objects
 210   2            lcdprint(result);
*** WARNING C182 IN LINE 210 OF lcd.c: pointer to different objects
 211   2            //lcdprint(((result / 100) % 10) + 48);//seperating the first digit of MyData
 212   2            //lcdprint(((result / 10)  % 10) + 48);//seperating the first digit of MyData
 213   2            //lcdprint((result % 10) + 48);//seperating the first digit of MyData
 214   2            lcdprint(" Volt"); //Sending String to LCD
 215   2      }
 216   1      
 217   1      
 218   1      }
*** WARNING C290 IN LINE 120 OF lcd.c: missing return value


MODULE INFORMATION:   STATIC OVERLAYABLE
   CODE SIZE        =    330    ----
   CONSTANT SIZE    =     46    ----
   XDATA SIZE       =   ----    ----
   PDATA SIZE       =   ----    ----
   DATA SIZE        =     23       6
   IDATA SIZE       =   ----    ----
   BIT SIZE         =   ----    ----
END OF MODULE INFORMATION.


C51 COMPILATION COMPLETE.  5 WARNING(S),  0 ERROR(S)
